OffensivityDetectorApp/app/build/intermediates/manifest_merge_blame_file/taskApiDebug/manifest-merger-blame-taskApi-debug-report.txt
1<?xml version="1.0" encoding="utf-8"?>
2<manifest xmlns:android="http://schemas.android.com/apk/res/android"
3    package="org.tensorflow.lite.examples.textclassification"
4    android:versionCode="1"
5    android:versionName="1.0" >
6
7    <uses-sdk
8        android:minSdkVersion="21"
8-->src/main/AndroidManifest.xml
9        android:targetSdkVersion="28" />
9-->src/main/AndroidManifest.xml
10
11    <uses-permission android:name="android.permission.WRITE_EXTERNAL_STORAGE" />
12    <uses-permission android:name="android.permission.READ_PHONE_STATE" />
13    <uses-permission android:name="android.permission.READ_EXTERNAL_STORAGE" />
14
15    <application
15-->src/main/AndroidManifest.xml:5:3-21:17
16        android:allowBackup="true"
16-->src/main/AndroidManifest.xml:6:7-33
17        android:appComponentFactory="androidx.core.app.CoreComponentFactory"
17-->[androidx.core:core:1.1.0] AndroidManifest.xml:24:18-86
18        android:debuggable="true"
19        android:icon="@drawable/icon2"
19-->src/main/AndroidManifest.xml:7:7-37
20        android:label="@string/tfe_tc_app_name"
20-->src/main/AndroidManifest.xml:8:7-46
21        android:roundIcon="@mipmap/ic_launcher_round"
21-->src/main/AndroidManifest.xml:9:7-52
22        android:supportsRtl="true"
22-->src/main/AndroidManifest.xml:10:7-33
23        android:theme="@style/AppTheme.TextClassification" >
23-->src/main/AndroidManifest.xml:11:7-57
24        <activity
24-->src/main/AndroidManifest.xml:12:5-20:16
25            android:name="org.tensorflow.lite.examples.textclassification.MainActivity"
25-->src/main/AndroidManifest.xml:12:15-43
26            android:exported="true"
26-->src/main/AndroidManifest.xml:13:15-38
27            android:windowSoftInputMode="adjustResize" >
27-->src/main/AndroidManifest.xml:14:15-57
28            <intent-filter>
28-->src/main/AndroidManifest.xml:15:7-19:23
29                <action android:name="android.intent.action.MAIN" />
29-->src/main/AndroidManifest.xml:16:9-60
29-->src/main/AndroidManifest.xml:16:17-58
30
31                <category android:name="android.intent.category.LAUNCHER" />
31-->src/main/AndroidManifest.xml:18:9-68
31-->src/main/AndroidManifest.xml:18:19-66
32            </intent-filter>
33        </activity>
34    </application>
35
36</manifest>